<?xml version="1.0" encoding="UTF-8"?>
<!-- Generated by org.testng.reporters.JUnitXMLReporter -->
<testsuite hostname="DESKTOP-VDQN2TJ" ignored="2" name="Test" tests="4" failures="0" timestamp="2021-08-01T15:02:20 IST" time="4.878" errors="0">
  <testcase name="CreateInvalidSecretKey" time="3.172" classname="testcases.CreateCustomerTest"/>
  <testcase name="CreateValidSecretKey" time="0.833" classname="testcases.CreateCustomerTest"/>
  <testcase name="CreateValidSecretKey" time="0.841" classname="testcases.CreateCustomerTest"/>
  <testcase name="DeleteValidCustID" time="0.734" classname="testcases.DeleteCustomerTest"/>
  <testcase name="@AfterSuite tearDown" time="0.0" classname="setup.Base">
    <ignored/>
  </testcase> <!-- @AfterSuite tearDown -->
  <testcase name="@BeforeSuite setUpMethod" time="0.0" classname="setup.Base">
    <ignored/>
  </testcase> <!-- @BeforeSuite setUpMethod -->
</testsuite> <!-- Test -->
