<?xml version="1.0" encoding="UTF-8"?>
<testsuite xmlns:xsi="http://www.w3.org/2001/XMLSchema-instance" xsi:noNamespaceSchemaLocation="https://maven.apache.org/surefire/maven-surefire-plugin/xsd/surefire-test-report.xsd" name="TestSuite" time="8.504" tests="4" errors="0" skipped="0" failures="1">
  <properties>
[...]
</properties>
  <testcase name="CreateInvalidSecretKey" classname="testcases.CreateCustomerTest" time="2.626"/>
  <testcase name="CreateValidSecretKey" classname="testcases.CreateCustomerTest" time="0.53"/>
  <testcase name="CreateValidSecretKey" classname="testcases.CreateCustomerTest" time="0.554"/>
  <testcase name="DeleteValidCustID" classname="testcases.DeleteCustomerTest" time="0.627">
    <failure message="invalid status code received expected [200] but found [404]" type="java.lang.AssertionError">java.lang.AssertionError: invalid status code received expected [200] but found [404]
	at testcases.DeleteCustomerTest.DeleteValidCustID(DeleteCustomerTest.java:27)
</failure>
    <system-out><![CDATA[Total rows are : 12
Test name is : DeleteValidCustID
Test case starts from row num: 10
Total rows of data are : 1
Total cols are : 1
{
    "error": {
        "code": "resource_missing",
        "doc_url": "https://stripe.com/docs/error-codes/resource-missing",
        "message": "No such customer: 'cus_JxVKItLRN9IMWK'",
        "param": "id",
        "type": "invalid_request_error"
    }
}
]]></system-out>
  </testcase>
</testsuite>