<?xml version="1.0" encoding="UTF-8"?>
<testng-results skipped="0" failed="0" ignored="2" total="6" passed="4">
  <reporter-output>
  </reporter-output>
  <suite name="Suite" duration-ms="4878" started-at="2021-08-01T15:02:15 IST" finished-at="2021-08-01T15:02:20 IST">
    <groups>
    </groups>
    <test name="Test" duration-ms="4878" started-at="2021-08-01T15:02:15 IST" finished-at="2021-08-01T15:02:20 IST">
      <class name="testcases.DeleteCustomerTest">
        <test-method status="PASS" signature="DeleteValidCustID(java.util.Hashtable)[pri:0, instance:testcases.DeleteCustomerTest@6b09fb41]" name="DeleteValidCustID" duration-ms="734" started-at="2021-08-01T15:02:19 IST" data-provider="getdata" finished-at="2021-08-01T15:02:20 IST">
          <params>
            <param index="0">
              <value>
                <![CDATA[{id=cus_JxVp4bkvaxwtuR}]]>
              </value>
            </param>
          </params>
          <reporter-output>
          </reporter-output>
        </test-method> <!-- DeleteValidCustID -->
      </class> <!-- testcases.DeleteCustomerTest -->
      <class name="testcases.CreateCustomerTest">
        <test-method status="PASS" signature="setUpMethod()[pri:0, instance:testcases.CreateCustomerTest@1a4927d6]" name="setUpMethod" is-config="true" duration-ms="555" started-at="2021-08-01T15:02:15 IST" finished-at="2021-08-01T15:02:15 IST">
          <reporter-output>
          </reporter-output>
        </test-method> <!-- setUpMethod -->
        <test-method status="PASS" signature="CreateInvalidSecretKey(java.util.Hashtable)[pri:0, instance:testcases.CreateCustomerTest@1a4927d6]" name="CreateInvalidSecretKey" duration-ms="3172" started-at="2021-08-01T15:02:15 IST" data-provider="getdata" finished-at="2021-08-01T15:02:18 IST">
          <params>
            <param index="0">
              <value>
                <![CDATA[{name=invalidraju, email=invalidraju@way2.com}]]>
              </value>
            </param>
          </params>
          <reporter-output>
          </reporter-output>
        </test-method> <!-- CreateInvalidSecretKey -->
        <test-method status="PASS" signature="CreateValidSecretKey(java.util.Hashtable)[pri:0, instance:testcases.CreateCustomerTest@1a4927d6]" name="CreateValidSecretKey" duration-ms="833" started-at="2021-08-01T15:02:19 IST" data-provider="getdata" finished-at="2021-08-01T15:02:19 IST">
          <params>
            <param index="0">
              <value>
                <![CDATA[{name=raju17, email=raju17@way2.com}]]>
              </value>
            </param>
          </params>
          <reporter-output>
          </reporter-output>
        </test-method> <!-- CreateValidSecretKey -->
        <test-method status="PASS" signature="CreateValidSecretKey(java.util.Hashtable)[pri:0, instance:testcases.CreateCustomerTest@1a4927d6]" name="CreateValidSecretKey" duration-ms="841" started-at="2021-08-01T15:02:19 IST" data-provider="getdata" finished-at="2021-08-01T15:02:19 IST">
          <params>
            <param index="0">
              <value>
                <![CDATA[{name=raju18, email=raju18@way2.com}]]>
              </value>
            </param>
          </params>
          <reporter-output>
          </reporter-output>
        </test-method> <!-- CreateValidSecretKey -->
        <test-method status="PASS" signature="tearDown()[pri:0, instance:testcases.CreateCustomerTest@1a4927d6]" name="tearDown" is-config="true" duration-ms="0" started-at="2021-08-01T15:02:21 IST" finished-at="2021-08-01T15:02:21 IST">
          <reporter-output>
          </reporter-output>
        </test-method> <!-- tearDown -->
      </class> <!-- testcases.CreateCustomerTest -->
    </test> <!-- Test -->
  </suite> <!-- Suite -->
</testng-results>
